<?xml version="1.0" encoding="UTF-8"?>
<testsuite xmlns:xsi="http://www.w3.org/2001/XMLSchema-instance" xsi:noNamespaceSchemaLocation="https://maven.apache.org/surefire/maven-surefire-plugin/xsd/surefire-test-report-3.0.xsd" version="3.0" name="co.ke.usiuworkshop.msstudentbackend.MsStudentBackendApplicationTests" time="2.672" tests="1" errors="0" skipped="0" failures="0">
  <properties>
[...]
</properties>
  <testcase name="contextLoads" classname="co.ke.usiuworkshop.msstudentbackend.MsStudentBackendApplicationTests" time="0.831">
    <system-out><![CDATA[11:31:02.315 [main] INFO org.springframework.test.context.support.AnnotationConfigContextLoaderUtils -- Could not detect default configuration classes for test class [co.ke.usiuworkshop.msstudentbackend.MsStudentBackendApplicationTests]: MsStudentBackendApplicationTests does not declare any static, non-private, non-final, nested classes annotated with @Configuration.
11:31:02.617 [main] INFO org.springframework.boot.test.context.SpringBootTestContextBootstrapper -- Found @SpringBootConfiguration co.ke.usiuworkshop.msstudentbackend.MsStudentBackendApplication for test class co.ke.usiuworkshop.msstudentbackend.MsStudentBackendApplicationTests

  .   ____          _            __ _ _
 /\\ / ___'_ __ _ _(_)_ __  __ _ \ \ \ \
( ( )\___ | '_ | '_| | '_ \/ _` | \ \ \ \
 \\/  ___)| |_)| | | | | || (_| |  ) ) ) )
  '  |____| .__|_| |_|_| |_\__, | / / / /
 =========|_|==============|___/=/_/_/_/
 :: Spring Boot ::                (v3.1.2)

2023-07-28T11:31:02.978+03:00  INFO 71935 --- [           main] c.k.u.m.MsStudentBackendApplicationTests : Starting MsStudentBackendApplicationTests using Java 18.0.2 with PID 71935 (started by peterkiptanui in /Users/peterkiptanui/safaricom/innovation/usiu/docker/ms-student-backend)
2023-07-28T11:31:02.979+03:00  INFO 71935 --- [           main] c.k.u.m.MsStudentBackendApplicationTests : No active profile set, falling back to 1 default profile: "default"
2023-07-28T11:31:03.957+03:00  INFO 71935 --- [           main] c.k.u.m.MsStudentBackendApplicationTests : Started MsStudentBackendApplicationTests in 1.177 seconds (process running for 2.196)
]]></system-out>
  </testcase>
</testsuite>